<?xml version="1.0" encoding="utf-8"?><testsuites><testsuite name="pytest" errors="0" failures="1" skipped="1" tests="14" time="2.013" timestamp="2026-01-03T22:00:15.039974" hostname="localhost"><testcase classname="twist_stdin_bridge.test.test_copyright" name="test_copyright" time="0.001"><skipped type="pytest.skip" message="No copyright header has been placed in the generated source file.">/home/saito/ros2_ws/src/twist_stdin_bridge/test/test_copyright.py:20: No copyright header has been placed in the generated source file.</skipped></testcase><testcase classname="twist_stdin_bridge.test.test_flake8" name="test_flake8" time="0.620"><failure message="AssertionError: Found 5 code style errors / warnings:&#10;  ./build/twist_stdin_bridge/prefix_override/sitecustomize.py:4:100: E501 line too long (106 &gt; 99 characters)&#10;  ./twist_stdin_bridge/stdin_to_twist.py:53:1: E302 expected 2 blank lines, found 1&#10;  ./twist_stdin_bridge/twist_to_stdout.py:40:1: E302 expected 2 blank lines, found 1&#10;  ./twist_stdin_bridge/twist_to_stdout.py:49:36: Q000 Double quotes found but single quotes preferred&#10;  ./twist_stdin_bridge/twist_to_stdout.py:56:1: W391 blank line at end of file&#10;assert 1 == 0">test/test_flake8.py:23: in test_flake8
    assert rc == 0, \
E   AssertionError: Found 5 code style errors / warnings:
E     ./build/twist_stdin_bridge/prefix_override/sitecustomize.py:4:100: E501 line too long (106 &gt; 99 characters)
E     ./twist_stdin_bridge/stdin_to_twist.py:53:1: E302 expected 2 blank lines, found 1
E     ./twist_stdin_bridge/twist_to_stdout.py:40:1: E302 expected 2 blank lines, found 1
E     ./twist_stdin_bridge/twist_to_stdout.py:49:36: Q000 Double quotes found but single quotes preferred
E     ./twist_stdin_bridge/twist_to_stdout.py:56:1: W391 blank line at end of file
E   assert 1 == 0</failure></testcase><testcase classname="twist_stdin_bridge.test.test_io" name="test_stdin_to_twist_io" time="0.001" /><testcase classname="twist_stdin_bridge.test.test_io" name="test_twist_to_stdout_io" time="0.000" /><testcase classname="twist_stdin_bridge.test.test_parse" name="test_parse_ok[0.1 0.2\n-exp0]" time="0.003" /><testcase classname="twist_stdin_bridge.test.test_parse" name="test_parse_ok[0.1,0.2\n-exp1]" time="0.002" /><testcase classname="twist_stdin_bridge.test.test_parse" name="test_parse_ok[ 1.0 , -2.5 -exp2]" time="0.001" /><testcase classname="twist_stdin_bridge.test.test_parse" name="test_parse_ng[]" time="0.001" /><testcase classname="twist_stdin_bridge.test.test_parse" name="test_parse_ng[\n]" time="0.001" /><testcase classname="twist_stdin_bridge.test.test_parse" name="test_parse_ng[1.0]" time="0.001" /><testcase classname="twist_stdin_bridge.test.test_parse" name="test_parse_ng[1 2 3]" time="0.001" /><testcase classname="twist_stdin_bridge.test.test_parse" name="test_parse_ng[a b]" time="0.001" /><testcase classname="twist_stdin_bridge.test.test_parse" name="test_format_csv" time="0.000" /><testcase classname="twist_stdin_bridge.test.test_pep257" name="test_pep257" time="0.150" /></testsuite></testsuites>