<?xml version="1.0" encoding="utf-8"?><testsuites><testsuite name="pytest" errors="0" failures="0" skipped="1" tests="14" time="1.825" timestamp="2026-01-03T23:51:47.587756" hostname="localhost"><testcase classname="twist_stdin_bridge.test.test_copyright" name="test_copyright" time="0.001"><skipped type="pytest.skip" message="No copyright header has been placed in the generated source file.">/home/saito/ros2_ws/src/twist_stdin_bridge/test/test_copyright.py:20: No copyright header has been placed in the generated source file.</skipped></testcase><testcase classname="twist_stdin_bridge.test.test_flake8" name="test_flake8" time="0.489" /><testcase classname="twist_stdin_bridge.test.test_io" name="test_stdin_to_twist_io" time="0.001" /><testcase classname="twist_stdin_bridge.test.test_io" name="test_twist_to_stdout_io" time="0.001" /><testcase classname="twist_stdin_bridge.test.test_parse" name="test_parse_ok[0.1 0.2\n-exp0]" time="0.001" /><testcase classname="twist_stdin_bridge.test.test_parse" name="test_parse_ok[0.1,0.2\n-exp1]" time="0.001" /><testcase classname="twist_stdin_bridge.test.test_parse" name="test_parse_ok[ 1.0 , -2.5 -exp2]" time="0.001" /><testcase classname="twist_stdin_bridge.test.test_parse" name="test_parse_ng[]" time="0.002" /><testcase classname="twist_stdin_bridge.test.test_parse" name="test_parse_ng[\n]" time="0.001" /><testcase classname="twist_stdin_bridge.test.test_parse" name="test_parse_ng[1.0]" time="0.001" /><testcase classname="twist_stdin_bridge.test.test_parse" name="test_parse_ng[1 2 3]" time="0.001" /><testcase classname="twist_stdin_bridge.test.test_parse" name="test_parse_ng[a b]" time="0.000" /><testcase classname="twist_stdin_bridge.test.test_parse" name="test_format_csv" time="0.000" /><testcase classname="twist_stdin_bridge.test.test_pep257" name="test_pep257" time="0.079" /></testsuite></testsuites>