[1m============================= test session starts ==============================[0m
platform linux -- Python 3.12.3, pytest-7.4.4, pluggy-1.4.0
cachedir: build/twist_stdin_bridge/.pytest_cache
rootdir: /home/saito/ros2_ws/src/twist_stdin_bridge
plugins: launch-testing-3.4.9, ament-lint-0.17.3, ament-pep257-0.17.3, ament-flake8-0.17.3, launch-testing-ros-0.26.10, ament-xmllint-0.17.3, ament-copyright-0.17.3, cov-4.1.0, colcon-core-0.20.1
[1mcollecting ... [0m[1m
collecting 0 items                                                             [0m[1m
collected 14 items                                                             [0m

test/test_copyright.py [33ms[0m[32m                                                 [  7%][0m
test/test_flake8.py [31mF[0m[31m                                                    [ 14%][0m
test/test_io.py [32m.[0m[32m.[0m[31m                                                       [ 28%][0m
test/test_parse.py [32m.[0m[32m.[0m[32m.[0m[32m.[0m[32m.[0m[32m.[0m[32m.[0m[32m.[0m[32m.[0m[31m                                             [ 92%][0m
test/test_pep257.py [32m.[0m[31m                                                    [100%][0m

=================================== FAILURES ===================================
[31m[1m_________________________________ test_flake8 __________________________________[0m
[1m[31mtest/test_flake8.py[0m:23: in test_flake8
    [94massert[39;49;00m rc == [94m0[39;49;00m, \
[1m[31mE   AssertionError: Found 5 code style errors / warnings:[0m
[1m[31mE     ./build/twist_stdin_bridge/prefix_override/sitecustomize.py:4:100: E501 line too long (106 > 99 characters)[0m
[1m[31mE     ./twist_stdin_bridge/stdin_to_twist.py:53:1: E302 expected 2 blank lines, found 1[0m
[1m[31mE     ./twist_stdin_bridge/twist_to_stdout.py:40:1: E302 expected 2 blank lines, found 1[0m
[1m[31mE     ./twist_stdin_bridge/twist_to_stdout.py:49:36: Q000 Double quotes found but single quotes preferred[0m
[1m[31mE     ./twist_stdin_bridge/twist_to_stdout.py:56:1: W391 blank line at end of file[0m
[1m[31mE   assert 1 == 0[0m
----------------------------- Captured stdout call -----------------------------

./build/twist_stdin_bridge/prefix_override/sitecustomize.py:4:100: E501 line too long (106 > 99 characters)
    sys.prefix = sys.exec_prefix = '/home/saito/ros2_ws/src/twist_stdin_bridge/install/twist_stdin_bridge'
                                                                                                   ^

./twist_stdin_bridge/stdin_to_twist.py:53:1: E302 expected 2 blank lines, found 1
def run(self) -> int:
^

./twist_stdin_bridge/twist_to_stdout.py:40:1: E302 expected 2 blank lines, found 1
def main(args=None) -> None:
^

./twist_stdin_bridge/twist_to_stdout.py:49:36: Q000 Double quotes found but single quotes preferred
        if e.__class__.__name__ == "ExternalShutdownException":
                                   ^

./twist_stdin_bridge/twist_to_stdout.py:56:1: W391 blank line at end of file

^

2     E302 expected 2 blank lines, found 1
1     E501 line too long (106 > 99 characters)
1     Q000 Double quotes found but single quotes preferred
1     W391 blank line at end of file

14 files checked
5 errors

'E'-type errors: 3
'Q'-type errors: 1
'W'-type errors: 1

Checked files:

* ./setup.py
* ./build/twist_stdin_bridge/setup.py
* ./build/twist_stdin_bridge/prefix_override/sitecustomize.py
* ./test/test_flake8.py
* ./test/test_parse.py
* ./test/test_io.py
* ./test/test_pep257.py
* ./test/test_copyright.py
* ./twist_stdin_bridge/twist_to_stdout.py
* ./twist_stdin_bridge/stdin_to_twist.py
* ./twist_stdin_bridge/__init__.py
* ./twist_stdin_bridge/parse.py
* ./install/_local_setup_util_sh.py
* ./install/_local_setup_util_ps1.py
- generated xml file: /home/saito/ros2_ws/src/twist_stdin_bridge/build/twist_stdin_bridge/pytest.xml -
[36m[1m=========================== short test summary info ============================[0m
[31mFAILED[0m test/test_flake8.py::[1mtest_flake8[0m - AssertionError: Found 5 code style errors / warnings:
[31m============= [31m[1m1 failed[0m, [32m12 passed[0m, [33m1 skipped[0m, [33m14 warnings[0m[31m in 2.09s[0m[31m =============[0m
