[0.000000] (-) TimerEvent: {}
[0.000653] (twist_stdin_bridge) JobQueued: {'identifier': 'twist_stdin_bridge', 'dependencies': OrderedDict({'twist_stdin_bridge': '/home/saito/ros2_ws/src/twist_stdin_bridge/install/twist_stdin_bridge'})}
[0.000822] (twist_stdin_bridge) JobStarted: {'identifier': 'twist_stdin_bridge'}
[0.097405] (-) TimerEvent: {}
[0.203301] (-) TimerEvent: {}
[0.309188] (-) TimerEvent: {}
[0.415073] (-) TimerEvent: {}
[0.521017] (-) TimerEvent: {}
[0.626699] (-) TimerEvent: {}
[0.732469] (-) TimerEvent: {}
[0.771530] (twist_stdin_bridge) Command: {'cmd': ['/usr/bin/python3', '-m', 'pytest'], 'cwd': '/home/saito/ros2_ws/src/twist_stdin_bridge', 'env': {'LESSOPEN': '| /usr/bin/lesspipe %s', 'USER': 'saito', 'SHLVL': '1', 'LD_LIBRARY_PATH': '/home/saito/ros2_ws/install/person_msgs/lib:/opt/ros/jazzy/opt/rviz_ogre_vendor/lib:/opt/ros/jazzy/lib/x86_64-linux-gnu:/opt/ros/jazzy/opt/gz_math_vendor/lib:/opt/ros/jazzy/opt/gz_utils_vendor/lib:/opt/ros/jazzy/opt/gz_cmake_vendor/lib:/opt/ros/jazzy/lib', 'HOME': '/home/saito', 'OLDPWD': '/home/saito/ros2_ws/src/twist_stdin_bridge/twist_stdin_bridge', 'ROS_PYTHON_VERSION': '3', 'DBUS_SESSION_BUS_ADDRESS': 'unix:path=/run/user/1000/bus', 'WSL_DISTRO_NAME': 'Ubuntu', 'WAYLAND_DISPLAY': 'wayland-0', 'COLCON_PREFIX_PATH': '/home/saito/ros2_ws/install', 'ROS_DISTRO': 'jazzy', 'LOGNAME': 'saito', 'NAME': 'localhost', 'WSL_INTEROP': '/run/WSL/328_interop', 'PULSE_SERVER': 'unix:/mnt/wslg/PulseServer', '_': '/usr/bin/colcon', 'ROS_VERSION': '2', 'TERM': 'xterm-256color', 'PATH': '/opt/ros/jazzy/bin:/usr/local/sbin:/usr/local/bin:/usr/sbin:/usr/bin:/sbin:/bin:/usr/games:/usr/local/games:/usr/lib/wsl/lib:/mnt/c/Program Files/WindowsApps/MicrosoftCorporationII.WindowsSubsystemForLinux_2.6.3.0_x64__8wekyb3d8bbwe:/mnt/c/WINDOWS/system32:/mnt/c/WINDOWS:/mnt/c/WINDOWS/System32/Wbem:/mnt/c/WINDOWS/System32/WindowsPowerShell/v1.0/:/mnt/c/WINDOWS/System32/OpenSSH/:/mnt/c/Program Files/dotnet/:/mnt/c/Program Files/MATLAB/R2024b/runtime/win64:/mnt/c/Program Files/MATLAB/R2024b/bin:/mnt/c/Users/saito/AppData/Local/Microsoft/WindowsApps:/mnt/c/Users/saito/AppData/Local/Programs/Microsoft VS Code/bin:/mnt/c/Users/saito/AppData/Roaming/Programs/Zero Install:/snap/bin', 'XDG_RUNTIME_DIR': '/run/user/1000/', 'DISPLAY': ':0', 'LANG': 'C.UTF-8', 'LS_COLORS': 'rs=0:di=01;34:ln=01;36:mh=00:pi=40;33:so=01;35:do=01;35:bd=40;33;01:cd=40;33;01:or=40;31;01:mi=00:su=37;41:sg=30;43:ca=00:tw=30;42:ow=34;42:st=37;44:ex=01;32:*.tar=01;31:*.tgz=01;31:*.arc=01;31:*.arj=01;31:*.taz=01;31:*.lha=01;31:*.lz4=01;31:*.lzh=01;31:*.lzma=01;31:*.tlz=01;31:*.txz=01;31:*.tzo=01;31:*.t7z=01;31:*.zip=01;31:*.z=01;31:*.dz=01;31:*.gz=01;31:*.lrz=01;31:*.lz=01;31:*.lzo=01;31:*.xz=01;31:*.zst=01;31:*.tzst=01;31:*.bz2=01;31:*.bz=01;31:*.tbz=01;31:*.tbz2=01;31:*.tz=01;31:*.deb=01;31:*.rpm=01;31:*.jar=01;31:*.war=01;31:*.ear=01;31:*.sar=01;31:*.rar=01;31:*.alz=01;31:*.ace=01;31:*.zoo=01;31:*.cpio=01;31:*.7z=01;31:*.rz=01;31:*.cab=01;31:*.wim=01;31:*.swm=01;31:*.dwm=01;31:*.esd=01;31:*.avif=01;35:*.jpg=01;35:*.jpeg=01;35:*.mjpg=01;35:*.mjpeg=01;35:*.gif=01;35:*.bmp=01;35:*.pbm=01;35:*.pgm=01;35:*.ppm=01;35:*.tga=01;35:*.xbm=01;35:*.xpm=01;35:*.tif=01;35:*.tiff=01;35:*.png=01;35:*.svg=01;35:*.svgz=01;35:*.mng=01;35:*.pcx=01;35:*.mov=01;35:*.mpg=01;35:*.mpeg=01;35:*.m2v=01;35:*.mkv=01;35:*.webm=01;35:*.webp=01;35:*.ogm=01;35:*.mp4=01;35:*.m4v=01;35:*.mp4v=01;35:*.vob=01;35:*.qt=01;35:*.nuv=01;35:*.wmv=01;35:*.asf=01;35:*.rm=01;35:*.rmvb=01;35:*.flc=01;35:*.avi=01;35:*.fli=01;35:*.flv=01;35:*.gl=01;35:*.dl=01;35:*.xcf=01;35:*.xwd=01;35:*.yuv=01;35:*.cgm=01;35:*.emf=01;35:*.ogv=01;35:*.ogx=01;35:*.aac=00;36:*.au=00;36:*.flac=00;36:*.m4a=00;36:*.mid=00;36:*.midi=00;36:*.mka=00;36:*.mp3=00;36:*.mpc=00;36:*.ogg=00;36:*.ra=00;36:*.wav=00;36:*.oga=00;36:*.opus=00;36:*.spx=00;36:*.xspf=00;36:*~=00;90:*#=00;90:*.bak=00;90:*.crdownload=00;90:*.dpkg-dist=00;90:*.dpkg-new=00;90:*.dpkg-old=00;90:*.dpkg-tmp=00;90:*.old=00;90:*.orig=00;90:*.part=00;90:*.rej=00;90:*.rpmnew=00;90:*.rpmorig=00;90:*.rpmsave=00;90:*.swp=00;90:*.tmp=00;90:*.ucf-dist=00;90:*.ucf-new=00;90:*.ucf-old=00;90:', 'AMENT_PREFIX_PATH': '/home/saito/ros2_ws/src/twist_stdin_bridge/install/twist_stdin_bridge:/home/saito/ros2_ws/install/twist_stdin_bridge:/home/saito/ros2_ws/install/person_msgs:/opt/ros/jazzy', 'SHELL': '/bin/bash', 'LESSCLOSE': '/usr/bin/lesspipe %s %s', 'ROS_AUTOMATIC_DISCOVERY_RANGE': 'SUBNET', 'PWD': '/home/saito/ros2_ws/src/twist_stdin_bridge/build/twist_stdin_bridge', 'XDG_DATA_DIRS': '/usr/local/share:/usr/share:/var/lib/snapd/desktop', 'PYTHONPATH': '/home/saito/ros2_ws/src/twist_stdin_bridge/build/twist_stdin_bridge:/home/saito/ros2_ws/src/twist_stdin_bridge/install/twist_stdin_bridge/lib/python3.12/site-packages:/home/saito/ros2_ws/install/twist_stdin_bridge/lib/python3.12/site-packages:/home/saito/ros2_ws/install/person_msgs/lib/python3.12/site-packages:/home/saito/ros2_ws/install/mypkg/lib/python3.12/site-packages:/opt/ros/jazzy/lib/python3.12/site-packages', 'COLCON': '1', 'WSL2_GUI_APPS_ENABLED': '1', 'HOSTTYPE': 'x86_64', 'CMAKE_PREFIX_PATH': '/home/saito/ros2_ws/install/person_msgs:/opt/ros/jazzy/opt/gz_math_vendor:/opt/ros/jazzy/opt/gz_utils_vendor:/opt/ros/jazzy/opt/gz_cmake_vendor', 'WSLENV': '', 'PYTHONDONTWRITEBYTECODE': '1', 'PYTEST_ADDOPTS': '--tb=short --junit-xml=/home/saito/ros2_ws/src/twist_stdin_bridge/build/twist_stdin_bridge/pytest.xml --junit-prefix=twist_stdin_bridge -o cache_dir=/home/saito/ros2_ws/src/twist_stdin_bridge/build/twist_stdin_bridge/.pytest_cache'}, 'shell': False}
[0.835634] (-) TimerEvent: {}
[0.939831] (-) TimerEvent: {}
[1.045601] (-) TimerEvent: {}
[1.151236] (-) TimerEvent: {}
[1.257061] (-) TimerEvent: {}
[1.362967] (-) TimerEvent: {}
[1.464173] (-) TimerEvent: {}
[1.565921] (-) TimerEvent: {}
[1.671505] (-) TimerEvent: {}
[1.777048] (-) TimerEvent: {}
[1.801644] (twist_stdin_bridge) StdoutLine: {'line': b'\x1b[1m============================= test session starts ==============================\x1b[0m\n'}
[1.802233] (twist_stdin_bridge) StdoutLine: {'line': b'platform linux -- Python 3.12.3, pytest-7.4.4, pluggy-1.4.0\n'}
[1.810050] (twist_stdin_bridge) StdoutLine: {'line': b'cachedir: build/twist_stdin_bridge/.pytest_cache\n'}
[1.810713] (twist_stdin_bridge) StdoutLine: {'line': b'rootdir: /home/saito/ros2_ws/src/twist_stdin_bridge\n'}
[1.810922] (twist_stdin_bridge) StdoutLine: {'line': b'plugins: launch-testing-3.4.9, ament-lint-0.17.3, ament-pep257-0.17.3, ament-flake8-0.17.3, launch-testing-ros-0.26.10, ament-xmllint-0.17.3, ament-copyright-0.17.3, cov-4.1.0, colcon-core-0.20.1\n'}
[1.880531] (-) TimerEvent: {}
[1.986086] (-) TimerEvent: {}
[2.091660] (-) TimerEvent: {}
[2.197152] (-) TimerEvent: {}
[2.302819] (-) TimerEvent: {}
[2.408680] (-) TimerEvent: {}
[2.514699] (-) TimerEvent: {}
[2.618215] (-) TimerEvent: {}
[2.724212] (-) TimerEvent: {}
[2.829809] (-) TimerEvent: {}
[2.903748] (twist_stdin_bridge) StdoutLine: {'line': b'\x1b[1mcollecting ... \x1b[0m\x1b[1m\n'}
[2.919621] (twist_stdin_bridge) StdoutLine: {'line': b'collecting 0 items                                                             \x1b[0m\x1b[1m\n'}
[2.920296] (twist_stdin_bridge) StdoutLine: {'line': b'collected 14 items                                                             \x1b[0m\n'}
[2.920782] (twist_stdin_bridge) StdoutLine: {'line': b'\n'}
[2.930675] (-) TimerEvent: {}
[2.936572] (twist_stdin_bridge) StdoutLine: {'line': b'test/test_copyright.py \x1b[33ms\x1b[0m\x1b[32m                                                 [  7%]\x1b[0m\n'}
[3.035521] (-) TimerEvent: {}
[3.141108] (-) TimerEvent: {}
[3.246462] (-) TimerEvent: {}
[3.348547] (-) TimerEvent: {}
[3.454379] (-) TimerEvent: {}
[3.555358] (-) TimerEvent: {}
[3.629575] (twist_stdin_bridge) StdoutLine: {'line': b'test/test_flake8.py \x1b[31mF\x1b[0m\x1b[31m                                                    [ 14%]\x1b[0m\n'}
[3.633241] (twist_stdin_bridge) StdoutLine: {'line': b'test/test_io.py \x1b[32m.\x1b[0m\x1b[32m.\x1b[0m\x1b[31m                                                       [ 28%]\x1b[0m\n'}
[3.651795] (twist_stdin_bridge) StdoutLine: {'line': b'test/test_parse.py \x1b[32m.\x1b[0m\x1b[32m.\x1b[0m\x1b[32m.\x1b[0m\x1b[32m.\x1b[0m\x1b[32m.\x1b[0m\x1b[32m.\x1b[0m\x1b[32m.\x1b[0m\x1b[32m.\x1b[0m\x1b[32m.\x1b[0m\x1b[31m                                             [ 92%]\x1b[0m\n'}
[3.655674] (-) TimerEvent: {}
[3.761178] (-) TimerEvent: {}
[3.805899] (twist_stdin_bridge) StdoutLine: {'line': b'test/test_pep257.py \x1b[32m.\x1b[0m\x1b[31m                                                    [100%]\x1b[0m\n'}
[3.806802] (twist_stdin_bridge) StdoutLine: {'line': b'\n'}
[3.807629] (twist_stdin_bridge) StdoutLine: {'line': b'=================================== FAILURES ===================================\n'}
[3.807782] (twist_stdin_bridge) StdoutLine: {'line': b'\x1b[31m\x1b[1m_________________________________ test_flake8 __________________________________\x1b[0m\n'}
[3.807891] (twist_stdin_bridge) StdoutLine: {'line': b'\x1b[1m\x1b[31mtest/test_flake8.py\x1b[0m:23: in test_flake8\n'}
[3.861646] (-) TimerEvent: {}
[3.889073] (twist_stdin_bridge) StdoutLine: {'line': b'    \x1b[94massert\x1b[39;49;00m rc == \x1b[94m0\x1b[39;49;00m, \\\n'}
[3.889846] (twist_stdin_bridge) StdoutLine: {'line': b'\x1b[1m\x1b[31mE   AssertionError: Found 5 code style errors / warnings:\x1b[0m\n'}
[3.890042] (twist_stdin_bridge) StdoutLine: {'line': b'\x1b[1m\x1b[31mE     ./build/twist_stdin_bridge/prefix_override/sitecustomize.py:4:100: E501 line too long (106 > 99 characters)\x1b[0m\n'}
[3.890207] (twist_stdin_bridge) StdoutLine: {'line': b'\x1b[1m\x1b[31mE     ./twist_stdin_bridge/stdin_to_twist.py:53:1: E302 expected 2 blank lines, found 1\x1b[0m\n'}
[3.890389] (twist_stdin_bridge) StdoutLine: {'line': b'\x1b[1m\x1b[31mE     ./twist_stdin_bridge/twist_to_stdout.py:40:1: E302 expected 2 blank lines, found 1\x1b[0m\n'}
[3.890579] (twist_stdin_bridge) StdoutLine: {'line': b'\x1b[1m\x1b[31mE     ./twist_stdin_bridge/twist_to_stdout.py:49:36: Q000 Double quotes found but single quotes preferred\x1b[0m\n'}
[3.890829] (twist_stdin_bridge) StdoutLine: {'line': b'\x1b[1m\x1b[31mE     ./twist_stdin_bridge/twist_to_stdout.py:56:1: W391 blank line at end of file\x1b[0m\n'}
[3.891021] (twist_stdin_bridge) StdoutLine: {'line': b'\x1b[1m\x1b[31mE   assert 1 == 0\x1b[0m\n'}
[3.891171] (twist_stdin_bridge) StdoutLine: {'line': b'----------------------------- Captured stdout call -----------------------------\n'}
[3.891367] (twist_stdin_bridge) StdoutLine: {'line': b'\n'}
[3.891572] (twist_stdin_bridge) StdoutLine: {'line': b'./build/twist_stdin_bridge/prefix_override/sitecustomize.py:4:100: E501 line too long (106 > 99 characters)\n'}
[3.891723] (twist_stdin_bridge) StdoutLine: {'line': b"    sys.prefix = sys.exec_prefix = '/home/saito/ros2_ws/src/twist_stdin_bridge/install/twist_stdin_bridge'\n"}
[3.892069] (twist_stdin_bridge) StdoutLine: {'line': b'                                                                                                   ^\n'}
[3.892304] (twist_stdin_bridge) StdoutLine: {'line': b'\n'}
[3.892501] (twist_stdin_bridge) StdoutLine: {'line': b'./twist_stdin_bridge/stdin_to_twist.py:53:1: E302 expected 2 blank lines, found 1\n'}
[3.892656] (twist_stdin_bridge) StdoutLine: {'line': b'def run(self) -> int:\n'}
[3.892815] (twist_stdin_bridge) StdoutLine: {'line': b'^\n'}
[3.892967] (twist_stdin_bridge) StdoutLine: {'line': b'\n'}
[3.893114] (twist_stdin_bridge) StdoutLine: {'line': b'./twist_stdin_bridge/twist_to_stdout.py:40:1: E302 expected 2 blank lines, found 1\n'}
[3.893271] (twist_stdin_bridge) StdoutLine: {'line': b'def main(args=None) -> None:\n'}
[3.893419] (twist_stdin_bridge) StdoutLine: {'line': b'^\n'}
[3.893586] (twist_stdin_bridge) StdoutLine: {'line': b'\n'}
[3.893731] (twist_stdin_bridge) StdoutLine: {'line': b'./twist_stdin_bridge/twist_to_stdout.py:49:36: Q000 Double quotes found but single quotes preferred\n'}
[3.893848] (twist_stdin_bridge) StdoutLine: {'line': b'        if e.__class__.__name__ == "ExternalShutdownException":\n'}
[3.893942] (twist_stdin_bridge) StdoutLine: {'line': b'                                   ^\n'}
[3.894067] (twist_stdin_bridge) StdoutLine: {'line': b'\n'}
[3.894183] (twist_stdin_bridge) StdoutLine: {'line': b'./twist_stdin_bridge/twist_to_stdout.py:56:1: W391 blank line at end of file\n'}
[3.894366] (twist_stdin_bridge) StdoutLine: {'line': b'\n'}
[3.894521] (twist_stdin_bridge) StdoutLine: {'line': b'^\n'}
[3.894902] (twist_stdin_bridge) StdoutLine: {'line': b'\n'}
[3.895138] (twist_stdin_bridge) StdoutLine: {'line': b'2     E302 expected 2 blank lines, found 1\n'}
[3.895442] (twist_stdin_bridge) StdoutLine: {'line': b'1     E501 line too long (106 > 99 characters)\n'}
[3.895816] (twist_stdin_bridge) StdoutLine: {'line': b'1     Q000 Double quotes found but single quotes preferred\n'}
[3.896211] (twist_stdin_bridge) StdoutLine: {'line': b'1     W391 blank line at end of file\n'}
[3.896502] (twist_stdin_bridge) StdoutLine: {'line': b'\n'}
[3.896750] (twist_stdin_bridge) StdoutLine: {'line': b'14 files checked\n'}
[3.896990] (twist_stdin_bridge) StdoutLine: {'line': b'5 errors\n'}
[3.897247] (twist_stdin_bridge) StdoutLine: {'line': b'\n'}
[3.897610] (twist_stdin_bridge) StdoutLine: {'line': b"'E'-type errors: 3\n"}
[3.897852] (twist_stdin_bridge) StdoutLine: {'line': b"'Q'-type errors: 1\n"}
[3.898040] (twist_stdin_bridge) StdoutLine: {'line': b"'W'-type errors: 1\n"}
[3.898188] (twist_stdin_bridge) StdoutLine: {'line': b'\n'}
[3.898469] (twist_stdin_bridge) StdoutLine: {'line': b'Checked files:\n'}
[3.898901] (twist_stdin_bridge) StdoutLine: {'line': b'\n'}
[3.899060] (twist_stdin_bridge) StdoutLine: {'line': b'* ./setup.py\n'}
[3.899236] (twist_stdin_bridge) StdoutLine: {'line': b'* ./build/twist_stdin_bridge/setup.py\n'}
[3.899387] (twist_stdin_bridge) StdoutLine: {'line': b'* ./build/twist_stdin_bridge/prefix_override/sitecustomize.py\n'}
[3.899532] (twist_stdin_bridge) StdoutLine: {'line': b'* ./test/test_flake8.py\n'}
[3.899687] (twist_stdin_bridge) StdoutLine: {'line': b'* ./test/test_parse.py\n'}
[3.899837] (twist_stdin_bridge) StdoutLine: {'line': b'* ./test/test_io.py\n'}
[3.899991] (twist_stdin_bridge) StdoutLine: {'line': b'* ./test/test_pep257.py\n'}
[3.900133] (twist_stdin_bridge) StdoutLine: {'line': b'* ./test/test_copyright.py\n'}
[3.900281] (twist_stdin_bridge) StdoutLine: {'line': b'* ./twist_stdin_bridge/twist_to_stdout.py\n'}
[3.900437] (twist_stdin_bridge) StdoutLine: {'line': b'* ./twist_stdin_bridge/stdin_to_twist.py\n'}
[3.900618] (twist_stdin_bridge) StdoutLine: {'line': b'* ./twist_stdin_bridge/__init__.py\n'}
[3.900769] (twist_stdin_bridge) StdoutLine: {'line': b'* ./twist_stdin_bridge/parse.py\n'}
[3.900917] (twist_stdin_bridge) StdoutLine: {'line': b'* ./install/_local_setup_util_sh.py\n'}
[3.901064] (twist_stdin_bridge) StdoutLine: {'line': b'* ./install/_local_setup_util_ps1.py\n'}
[3.901293] (twist_stdin_bridge) StderrLine: {'line': b'\x1b[33m=============================== warnings summary ===============================\x1b[0m\n'}
[3.901551] (twist_stdin_bridge) StderrLine: {'line': b'test/test_flake8.py: 14 warnings\n'}
[3.901752] (twist_stdin_bridge) StderrLine: {'line': b'  Warning: This process (pid=3208) is multi-threaded, use of fork() may lead to deadlocks in the child.\n'}
[3.901923] (twist_stdin_bridge) StderrLine: {'line': b'\n'}
[3.902093] (twist_stdin_bridge) StderrLine: {'line': b'-- Docs: https://docs.pytest.org/en/stable/how-to/capture-warnings.html\n'}
[3.902262] (twist_stdin_bridge) StdoutLine: {'line': b'- generated xml file: /home/saito/ros2_ws/src/twist_stdin_bridge/build/twist_stdin_bridge/pytest.xml -\n'}
[3.902583] (twist_stdin_bridge) StdoutLine: {'line': b'\x1b[36m\x1b[1m=========================== short test summary info ============================\x1b[0m\n'}
[3.902810] (twist_stdin_bridge) StdoutLine: {'line': b'\x1b[31mFAILED\x1b[0m test/test_flake8.py::\x1b[1mtest_flake8\x1b[0m - AssertionError: Found 5 code style errors / warnings:\n'}
[3.902979] (twist_stdin_bridge) StdoutLine: {'line': b'\x1b[31m============= \x1b[31m\x1b[1m1 failed\x1b[0m, \x1b[32m12 passed\x1b[0m, \x1b[33m1 skipped\x1b[0m, \x1b[33m14 warnings\x1b[0m\x1b[31m in 2.09s\x1b[0m\x1b[31m =============\x1b[0m\n'}
[3.964855] (-) TimerEvent: {}
[4.070966] (-) TimerEvent: {}
[4.081543] (twist_stdin_bridge) CommandEnded: {'returncode': 1}
[4.083572] (twist_stdin_bridge) TestFailure: {'identifier': 'twist_stdin_bridge'}
[4.083689] (twist_stdin_bridge) JobEnded: {'identifier': 'twist_stdin_bridge', 'rc': 0}
[4.085217] (-) EventReactorShutdown: {}
